2025-10-16T13:49:11-03:00 | GET: {"token":""}
2025-10-16T13:49:12-03:00 | GET: {"token":"eec098e063cd1bc3ad77c28c4445f1853ca5bcf1dc3ba3f3601b252f1d36e4a8f0f4fbc8f269453d1afa4bbb131d736444ebbf4f51d807da7ed41b476093d54a0a0512a456e056460b71290eb4913642f13a8af9ae573c0923cb5b18b35f33075c2e78a918620874394019dcb59445b652966970303b145db2dbdb030e3bf1720e038f24f52787bc450a358ff9c4c95d857997c4af8ca5d76dd87a9f1be9ddaf4a062d938018ddf4ea728164680df2ecb74566a6314be61a306849fbdddcc67e7861480c27c22efcedcceee53bd144c470da1cec3992bc0a377ae6bcaa88efdea04f2e1c5e8f62df7d3b517ba31879f46b2a32de09471abd37056ee3b11c9707"}
2025-10-16T15:17:14-03:00 | GET: {"token":""}
2025-10-16T15:17:28-03:00 | GET: {"token":"64bd3261c5ccd0a20be9c273788e86f8b53f7f0e5fcee3c4488184a9a9e2a9078fece4727ab9c1db0930c6d42244f28809b745ea5ccbd80df2138a816f54e1a239d0e7a66e73ec7ac58c76f8335468b4ae0c7347ab4217ac209faaa9bd4a2fa5a0f03c0b24eab636e530621b0427d15cb65c83c65408792872d30cb922d2fa4c596fb6058759eec50e71edbae0e0ed17f112d619d1b3a269a63320ae04e6491e5bf514a57c7b326d430b4d33d2f16750f622a48cfbbe4fae33c01e8990a4e5122614dafc341b6ac7bb5b3f6af3beb16d9694df93c71fc00ce9d1a819201270c261c53ad00cb3caf972df76e8d322ddb75926bcd72c2c3f6294db9749352e6874"}
2025-10-16T15:58:41-03:00 | GET: {"token":""}
2025-10-16T15:59:06-03:00 | GET: {"token":"64bd3261c5ccd0a20be9c273788e86f8b53f7f0e5fcee3c4488184a9a9e2a9078fece4727ab9c1db0930c6d42244f28809b745ea5ccbd80df2138a816f54e1a239d0e7a66e73ec7ac58c76f8335468b4ae0c7347ab4217ac209faaa9bd4a2fa5a0f03c0b24eab636e530621b0427d15cb65c83c65408792872d30cb922d2fa4c596fb6058759eec50e71edbae0e0ed17f112d619d1b3a269a63320ae04e6491e5bf514a57c7b326d430b4d33d2f16750f622a48cfbbe4fae33c01e8990a4e5122614dafc341b6ac7bb5b3f6af3beb16d9694df93c71fc00ce9d1a819201270c261c53ad00cb3caf972df76e8d322ddb75926bcd72c2c3f6294db9749352e6874"}
2025-10-16T16:39:22-03:00 | GET: {"token":""}
2025-10-16T16:39:35-03:00 | GET: {"token":"64bd3261c5ccd0a20be9c273788e86f8b53f7f0e5fcee3c4488184a9a9e2a9078fece4727ab9c1db0930c6d42244f28809b745ea5ccbd80df2138a816f54e1a239d0e7a66e73ec7ac58c76f8335468b4ae0c7347ab4217ac209faaa9bd4a2fa5a0f03c0b24eab636e530621b0427d15cb65c83c65408792872d30cb922d2fa4c596fb6058759eec50e71edbae0e0ed17f112d619d1b3a269a63320ae04e6491e5bf514a57c7b326d430b4d33d2f16750f622a48cfbbe4fae33c01e8990a4e5122614dafc341b6ac7bb5b3f6af3beb16d9694df93c71fc00ce9d1a819201270c261c53ad00cb3caf972df76e8d322ddb75926bcd72c2c3f6294db9749352e6874"}
2025-10-17T08:59:21-03:00 | GET: {"token":""}
2025-10-17T09:26:25-03:00 | GET: {"token":""}
2025-10-17T09:35:27-03:00 | GET: {"token":""}
2025-10-17T09:35:28-03:00 | GET: {"token":"dbd7be27362f73a5b45ef3a36941a1b0ee9465e9b3f62982183bea4f448862efa58765998a38571782d05ca6df71c3c29079b8a2dc106c11377c12255f49255acad6c98f3a8438d435baba5bdbaa8c48a89c3c980459f063f1dfb51745833ee7e801837df87af9ec266384de461452a62f28f83e2f026b0efc22bf9593f1514ddfa0c179e9c6805442c82ed14390ceb9c3361857d17c298c1a7374002fe5d39e8e4e185207b206283db5bd8f66bc940c1618ccd154a88c5aab53292dcd7240a6d323602b52095885fb25463999289bd32e318e6fd8ff0f5d6dcedd478193c03844536040dddb41624baae33ff439c00bae72874e5a07499e2594084572028391"}
2025-10-17T09:36:41-03:00 | GET: {"token":""}
2025-10-17T09:36:42-03:00 | GET: {"token":"68256189dc12495c796877e80ab3dcac1f2e06e03651a5066746f8b9e15de9b6a83b783b00bbc48b7cbcaa6fae3929cfaf1148c34d5c4c7091620da3a4371559ce7d5d2a3b1540404e4b467657769d03ac6ac369d35e945f2f82b194b5ffa26ead1c91a8fde3139547c193ddceaa80abc6a163874d304a6990c1de49f70a8bfcd108b6f77deb7d951f588b43019b9e70b61a1a2b42931382f8811a73765c80f259de03ac22869d47bf0bf529ee0b0ce659ae154d5d2f9e480dc773ee86a3b99741033d70489fdbd30eeb5f05f47ab8225617cad09feed98cecec84694f022e118865093dcd7f0cb977111d59c62e5eac4d6788bf78ac2a94ab1e6a70248b2c27"}
2025-10-17T09:37:03-03:00 | GET: {"token":""}
2025-10-17T09:37:04-03:00 | GET: {"token":"da92b688dd53533af888efe085590540e46470977b5d58b59634df5533b912ae7c3fabc44ab20b80278be00285abfaf4e2abf4590457a8d8d3d9a556dd9aaf2050b0013d69d63c31c7d0d0216543571372a9dd251f5c5c63b1e11eb9a66d7940b039df7adadf67e3c9a57782a6f51ea3fec817d0730757112387326aa71d07ca1bc1c482eb5889220925f0314c05890ae85dae284d1bc91e081c197a1687aea4c27b79eef36283a2e60e095f30738a0c9d269722674ca7da9d12090e114e0448dffc0163e8cff1429fb7c8f6fc93d478eaee58331a20874c2d6c231650850de9b36568729965acc995633b5ef34640309bcf28e5c6f8bb4ecdc2cd57342aa82e"}
2025-10-17T09:42:05-03:00 | GET: {"token":""}
2025-10-17T09:42:07-03:00 | GET: {"token":"42b7f5a3eba4389c3dfb85a7abe1039bf441646b30e52d50ba31b3545146e41ef7b95748c943bc95f5818d65c118e0976203c22ce05bfc348edffa03aa6750303a76468bf1932ddecb50a9ca795c29d0393d4b53f775771bbd7952a27e96c65338c4a59938d727b7d1ed13158425c366bf32c7657e43ac33b783991d815c72..."}
2025-10-17T09:42:16-03:00 | GET: {"token":""}
2025-10-17T09:42:18-03:00 | GET: {"token":"42b7f5a3eba4389c3dfb85a7abe1039bf441646b30e52d50ba31b3545146e41ef7b95748c943bc95f5818d65c118e0976203c22ce05bfc348edffa03aa6750303a76468bf1932ddecb50a9ca795c29d0393d4b53f775771bbd7952a27e96c65338c4a59938d727b7d1ed13158425c366bf32c7657e43ac33b783991d815c72da2295bbc0aea6fd96b55f91abfe240c64e6d559deb59ffcbe8535a22ac8d502a5d279ff8182d247865db63cebd397a0bbc20a10f9735ceae5c1f0552ede3dcd2e8aca3b8608b73e741ec3391ee27dc63a44e8ac40831927ecf15adc442adf4502f2817491cd1a4f1383e13391ed0ec68d87d5c766ad5508a6e345bf15f6682d25"}
2025-10-17T09:43:25-03:00 | GET: {"token":""}
2025-10-17T09:43:26-03:00 | GET: {"token":"114c6dce5f1b10ca22ec327b6f77689824283809a29c88c5e56128202688dd9c8ef6168f33b4c3d091c6274f12ef8f8e111afe5aa61af463e5462b405e737e4a755268979d11e2f845a7c9cca7a08e57107b31c000ccb3f5423796543828e5d8c88fda073521ca0b766c79822fa81d35338ad22a72b62f3c9c01b06abb0e4117b4ee1e5d9998c5012508ec4e35bba2a90cfeac65fdc4727fea6dc60b6faca0ac8dcbc2f2118f88ad49a36f3ad6e0c0527e58a5cb6b0687f4e3bddcdd7ba334de9e6814ceb4fb7133b44ea7f21cb68cbb53be6386110cb97f0fc2d2c0e880220b184e2009c27c4f5f6318210587eaf45dac0741fa480fe167949eb3d2082ea93e"}
2025-10-17T09:47:01-03:00 | GET: {"token":""}
2025-10-17T09:55:09-03:00 | GET: {"token":"9a20e08aefae480b6f948e2983cb8d0d23e9166d5b0af0b7557760148a135cfc0f1c27e0b9c05aac2b6075b1b92fc55d81ebb52da9e4393a03242d1834e98ebf691f679eae5ee95b7ada9e1af90be5d31b3afd15050057506391e77be1c06edb349042812b6c37c426e70127b9662b9a06f8defdd451e0605560c9297e492ad8254d1ec41296b739e80818f946e4acddce2124f8502d588c06730562992e9d24e818b3f1cbbe8c8bcf4111dc70e9577ee3fd84f3926c8c4c369ef782809a03d06db37481174c63b2a2b7d955a67227e78589cca2fb05230b4a5b2e9a0c1c196cfc336e6098f427d89570574dda93d8ad336f3584928db2394fcca6102f7958fc"}
2025-10-17T09:55:13-03:00 | GET: {"token":""}
2025-10-17T09:55:33-03:00 | GET: {"token":""}
2025-10-17T09:55:35-03:00 | GET: {"token":"880693b43147676ba0ec3ec63d7564939d88b8ef4b386b347adcd514f48772b2b93f561431a19ee149047fa7bdac04194505aca0911369b8dc9f408989f67c4b7a9a8f32052939879f14ef3566e3e2affd08c61415e4c91a0284205d9b54ed21ab4ab25785acaafe821c46cb2a9315a6b6a3cb3b09fe74b1afecbebf3ddb23231ee07f6c238f3c09125b7c4b18fbc0164d35e3a7f55293f00918da880402e7f1b45815c1a5ae7500d94fb82ef90431256631fa53fd117c77a8ff287ec7a3251126556b67c64691ee1ba4ffcdaf1210621ce8e299e1649083e6a67fa920e2187c5d0e41b452a30c9ebc575e0680096617a0ae9860394a340fd7e66c2f1ef8e3ae"}
2025-10-17T09:55:49-03:00 | GET: {"token":""}
2025-10-17T09:55:51-03:00 | GET: {"token":"8bfa97631f3ee5390e26f9d2a57fc5b30e1b535997ac8a3a1c52505b65e322165344f93046124dbff572e79b207f7972854d84fae64a306821bde8edcda5ac0ba8228eb2d656990a4a0bcb3aecbf38507f42d29e2be5ce2d7e021359c71af0e4cddd3e1069d1370486c9d3137e929a6d2f0e66c435de8650be0dc39aacd47520552558f50ce1d55c44ee01a6fb176641d6413a2adfc451789379b92d1861016d3c75f825ce60910444ac36f407ebe909120a9c8f882d9707053e4d1a07be40c543a3c32c8908986aa18a819c3c4964d4ad933d55fb41a854d94a10936e08658490de2dcc8eb2b8ed22ecd40c60ee56128cd87654beb6b13c89a22c4662df068e"}
2025-10-17T09:56:11-03:00 | GET: {"token":""}
2025-10-17T09:56:13-03:00 | GET: {"token":"dbd7be27362f73a5b45ef3a36941a1b0ee9465e9b3f62982183bea4f448862efa58765998a38571782d05ca6df71c3c29079b8a2dc106c11377c12255f49255acad6c98f3a8438d435baba5bdbaa8c48a89c3c980459f063f1dfb51745833ee7e801837df87af9ec266384de461452a62f28f83e2f026b0efc22bf9593f1514ddfa0c179e9c6805442c82ed14390ceb9c3361857d17c298c1a7374002fe5d39e8e4e185207b206283db5bd8f66bc940c1618ccd154a88c5aab53292dcd7240a6d323602b52095885fb25463999289bd32e318e6fd8ff0f5d6dcedd478193c03844536040dddb41624baae33ff439c00bae72874e5a07499e2594084572028391"}
2025-10-17T09:56:25-03:00 | GET: {"token":""}
2025-10-17T09:56:26-03:00 | GET: {"token":"68256189dc12495c796877e80ab3dcac1f2e06e03651a5066746f8b9e15de9b6a83b783b00bbc48b7cbcaa6fae3929cfaf1148c34d5c4c7091620da3a4371559ce7d5d2a3b1540404e4b467657769d03ac6ac369d35e945f2f82b194b5ffa26ead1c91a8fde3139547c193ddceaa80abc6a163874d304a6990c1de49f70a8bfcd108b6f77deb7d951f588b43019b9e70b61a1a2b42931382f8811a73765c80f259de03ac22869d47bf0bf529ee0b0ce659ae154d5d2f9e480dc773ee86a3b99741033d70489fdbd30eeb5f05f47ab8225617cad09feed98cecec84694f022e118865093dcd7f0cb977111d59c62e5eac4d6788bf78ac2a94ab1e6a70248b2c27"}
2025-10-17T09:57:51-03:00 | GET: {"token":""}
2025-10-17T10:08:02-03:00 | GET: {"token":""}
2025-10-17T10:08:12-03:00 | GET: {"token":"dbd7be27362f73a5b45ef3a36941a1b0ee9465e9b3f62982183bea4f448862efa58765998a38571782d05ca6df71c3c29079b8a2dc106c11377c12255f49255acad6c98f3a8438d435baba5bdbaa8c48a89c3c980459f063f1dfb51745833ee7e801837df87af9ec266384de461452a62f28f83e2f026b0efc22bf9593f1514ddfa0c179e9c6805442c82ed14390ceb9c3361857d17c298c1a7374002fe5d39e8e4e185207b206283db5bd8f66bc940c1618ccd154a88c5aab53292dcd7240a6d323602b52095885fb25463999289bd32e318e6fd8ff0f5d6dcedd478193c03844536040dddb41624baae33ff439c00bae72874e5a07499e2594084572028391"}
2025-10-17T10:08:20-03:00 | GET: {"token":""}
2025-10-17T10:08:26-03:00 | GET: {"token":"8bfa97631f3ee5390e26f9d2a57fc5b30e1b535997ac8a3a1c52505b65e322165344f93046124dbff572e79b207f7972854d84fae64a306821bde8edcda5ac0ba8228eb2d656990a4a0bcb3aecbf38507f42d29e2be5ce2d7e021359c71af0e4cddd3e1069d1370486c9d3137e929a6d2f0e66c435de8650be0dc39aacd47520552558f50ce1d55c44ee01a6fb176641d6413a2adfc451789379b92d1861016d3c75f825ce60910444ac36f407ebe909120a9c8f882d9707053e4d1a07be40c543a3c32c8908986aa18a819c3c4964d4ad933d55fb41a854d94a10936e08658490de2dcc8eb2b8ed22ecd40c60ee56128cd87654beb6b13c89a22c4662df068e"}
2025-10-17T10:08:32-03:00 | GET: {"token":""}
2025-10-17T10:08:36-03:00 | GET: {"token":"114c6dce5f1b10ca22ec327b6f77689824283809a29c88c5e56128202688dd9c8ef6168f33b4c3d091c6274f12ef8f8e111afe5aa61af463e5462b405e737e4a755268979d11e2f845a7c9cca7a08e57107b31c000ccb3f5423796543828e5d8c88fda073521ca0b766c79822fa81d35338ad22a72b62f3c9c01b06abb0e4117b4ee1e5d9998c5012508ec4e35bba2a90cfeac65fdc4727fea6dc60b6faca0ac8dcbc2f2118f88ad49a36f3ad6e0c0527e58a5cb6b0687f4e3bddcdd7ba334de9e6814ceb4fb7133b44ea7f21cb68cbb53be6386110cb97f0fc2d2c0e880220b184e2009c27c4f5f6318210587eaf45dac0741fa480fe167949eb3d2082ea93e"}
2025-10-17T10:15:22-03:00 | GET: {"token":""}
2025-10-17T10:44:01-03:00 | GET: {"token":""}
2025-10-17T10:44:02-03:00 | GET: {"token":"42b7f5a3eba4389c3dfb85a7abe1039bf441646b30e52d50ba31b3545146e41ef7b95748c943bc95f5818d65c118e0976203c22ce05bfc348edffa03aa6750303a76468bf1932ddecb50a9ca795c29d0393d4b53f775771bbd7952a27e96c65338c4a59938d727b7d1ed13158425c366bf32c7657e43ac33b783991d815c72da2295bbc0aea6fd96b55f91abfe240c64e6d559deb59ffcbe8535a22ac8d502a5d279ff8182d247865db63cebd397a0bbc20a10f9735ceae5c1f0552ede3dcd2e8aca3b8608b73e741ec3391ee27dc63a44e8ac40831927ecf15adc442adf4502f2817491cd1a4f1383e13391ed0ec68d87d5c766ad5508a6e345bf15f6682d25"}
2025-10-17T11:33:20-03:00 | GET: {"token":""}
2025-10-20T12:17:55-03:00 | GET: {"access_dinamic":""}
2025-10-20T12:17:58-03:00 | GET: {"token":""}
2025-10-20T12:26:09-03:00 | GET: {"token":"dbd7be27362f73a5b45ef3a36941a1b0ee9465e9b3f62982183bea4f448862efa58765998a38571782d05ca6df71c3c29079b8a2dc106c11377c12255f49255acad6c98f3a8438d435baba5bdbaa8c48a89c3c980459f063f1dfb51745833ee7e801837df87af9ec266384de461452a62f28f83e2f026b0efc22bf9593f1514ddfa0c179e9c6805442c82ed14390ceb9c3361857d17c298c1a7374002fe5d39e8e4e185207b206283db5bd8f66bc940c1618ccd154a88c5aab53292dcd7240a6d323602b52095885fb25463999289bd32e318e6fd8ff0f5d6dcedd478193c03844536040dddb41624baae33ff439c00bae72874e5a07499e2594084572028391"}
2025-10-20T12:26:34-03:00 | GET: {"token":""}
2025-10-20T12:36:48-03:00 | GET: {"token":"c96de1a36f6469a35237d4c98637d70a49174bd138941a7125345bc2fd413ba5ad9aba0990f82718e547dfa646d31ea616054fb0a1e5748fe47157aa4a1e3de68548d6dd2c9084997e48c84604ad0d68c8afb98d18810d3bdac1f14df9bfce23f5622164d280d82a7df841897c149604935d3afa7f4e42d23983e1bd1db7097ba3d7c1e85680fc98631d0b9a9fbdc4c5285cbbe8555b5fba3b3bf23a6928c559e9ac35475434aa0d2ae7a6d7bf4d26d54af88d96fc74acd1e0f746c8bbe54db26ed60bc50141fd841967d8c534341751c9d2c90b3251f51d0621a6dad350e41c02381b15b492f56ef6429900b514f1d3a216c99d6376144a959960134f31cc2e"}
2025-10-20T12:37:04-03:00 | GET: {"token":""}
2025-10-20T12:37:05-03:00 | GET: {"token":"fa1c249dbbaeef980c1748f0de331f463a5df4a7b92f15a761743774654bc0dc9b94f5aee1dfaad9ed359f1eeb92943f3760d7f836ca664e6bb3dbf70726d111b957ed6f8d875124836f72b8eb4d84db3e1fb40556c3ac6dfc46ca778644a94ee4fa964a7db5af245ed6cf7353beedd2adb66af1a897c865ae49f4723ca9b29da6285fbb2bacbfed633d2067b9005b2c60a9bc4c63b0669b22a20d5fc54fee9a35df956b7e320e9b7756f0db47fb88b1cc51973a298174f8aef36a096a75f6046b4468426d96783bbb650697b73a741f03d8fe03ccc55e5c9806e4d0febd7a7cfdce439774f00a004680ef48765df1698d7e79368fb3eff1568eb022c6d468b2"}
2025-10-20T12:37:10-03:00 | GET: {"access_dinamic":""}
2025-10-20T12:37:18-03:00 | GET: {"access_dinamic":"c96de1a36f6469a35237d4c98637d70a49174bd138941a7125345bc2fd413ba5ad9aba0990f82718e547dfa646d31ea616054fb0a1e5748fe47157aa4a1e3de68548d6dd2c9084997e48c84604ad0d68c8afb98d18810d3bdac1f14df9bfce23f5622164d280d82a7df841897c149604935d3afa7f4e42d23983e1bd1db7097ba3d7c1e85680fc98631d0b9a9fbdc4c5285cbbe8555b5fba3b3bf23a6928c559e9ac35475434aa0d2ae7a6d7bf4d26d54af88d96fc74acd1e0f746c8bbe54db26ed60bc50141fd841967d8c534341751c9d2c90b3251f51d0621a6dad350e41c02381b15b492f56ef6429900b514f1d3a216c99d6376144a959960134f31cc2e"}
2025-10-20T12:40:42-03:00 | GET: {"access_dinamic":""}
2025-10-20T12:41:02-03:00 | GET: {"access_dinamic":"fa1c249dbbaeef980c1748f0de331f463a5df4a7b92f15a761743774654bc0dc9b94f5aee1dfaad9ed359f1eeb92943f3760d7f836ca664e6bb3dbf70726d111b957ed6f8d875124836f72b8eb4d84db3e1fb40556c3ac6dfc46ca778644a94ee4fa964a7db5af245ed6cf7353beedd2adb66af1a897c865ae49f4723ca9b29da6285fbb2bacbfed633d2067b9005b2c60a9bc4c63b0669b22a20d5fc54fee9a35df956b7e320e9b7756f0db47fb88b1cc51973a298174f8aef36a096a75f6046b4468426d96783bbb650697b73a741f03d8fe03ccc55e5c9806e4d0febd7a7cfdce439774f00a004680ef48765df1698d7e79368fb3eff1568eb022c6d468b2"}
2025-10-20T13:22:05-03:00 | GET: []
2025-10-20T13:22:07-03:00 | GET: []
2025-10-20T13:28:28-03:00 | GET: {"token":""}
2025-10-20T13:28:35-03:00 | GET: {"token":"ddb6057c2f1ee2eb8301bee0b5ac22aaf4f70f1608d521d5585130695fd42c37f854d00e9c703054542bb4e5a4cff33f27dc45d73a66c384d2de3f0f2c420c0deb0181a94fef79e3cc1cdb7119f554a209b8c36e029bc64c02a6b8773ec9f502e160fb6134d5c7579229ab4c1c2b669ea9ce2d431ec02656c048ab7829524151bb5fbc8db9fe91cf4fc9a06633676292a2458230ce4cfc52ad737486ff1d0ea8bc9e15ddfd00cd10dc952bcdea63934c31d295d15203a73d6bc9e989b2e0d5cd2dcfebbe43995026495adc5b958c677b249468463459cf4f921ef0747f9ee806ba57ee262021dca8fb25bcf6e9cb5330c0ee35691dd9f8bb0e9592c097a70fef"}
2025-10-20T13:28:39-03:00 | GET: {"token":""}
2025-10-20T13:28:56-03:00 | GET: {"token":"ff8976b79ce7000e5eda78a266ab3c278ceba4bcf9dca83c0d649ab46da20b5a83f39a20548d20580249e24e3367b2a9f43d4091e87f8b72928d5fa6dbecb9cafc79a0f39d12f259c35d05475e1c51a388d9e61ecf107bf3c71597550bfbd05b6231ed56b7e96c6cce2ddb4892805945d8663bba5ef386ca506f4e1ecd739e9700624c2e60b2a02adb08df8d50e71e03e8b844c6d8f7075aa3470dd165f6dfc18312716044d5ee8a5423087d5d089cd701d2d099b04dbdcb5d2809ec51241b2010ba5f0d874125403c80b0848149de57d4ed424526b5b4d0e205b20c16bfd27c5f4652fc081e93757138d1ced61b512c080f8135f9745252359f202c00b44122"}
2025-10-20T13:30:17-03:00 | GET: {"token":""}
2025-10-20T13:30:18-03:00 | GET: {"token":"8d3e6844818357f0b57df0aa512a420564c919439f4f8de4223e650dd6b041d00bc9af7c8f5089834888dabfd58f7a95ba1fdcc40bc8b5ff40ed6ce961056d43fc92c616f8a94c693a4add3f014707bf52e03e0b5d1a59c79f3b17a0cab8885c715c2a073df596e3a96900ff675a3c7c2348b400ccb04af0335c37e9bf26eca2e6f3fedd713e088993317a5963a0cdc08da87b7c5a6580512b56e66451ffd5126ffa3db9189e42a3b197fb73cddc47ad1cddeb8ea5fe7245663116f8940966f700f18f2c717b6ecbe396fde6cf688ee0bc21ea7ec42c92140482165de353f102bf4f40e2fe296c114e094a25dc6741c48efd2e73abe470fdc3ab88b2db4b49f6"}
2025-10-20T13:31:06-03:00 | GET: {"token":""}
2025-10-20T13:31:07-03:00 | GET: {"token":"c6736e9e176da5ed4b7bbc11133c3a6d6cd082eec60762232f8c8919db93d610cb6e8c50f6b815b2dba9d67eb4879f3b2e8215e369640d50d6552bafcc035aa2d503cdd74453e6fc079dc4be4e5883b8df2777ed8d5d3611cf908334cc9cf5aabecc873e0e158931d37dbdf974b29ba3634bd2dcedd20a776dbb7127de313436df72f3ca68b2e30289a15f9a6f485b5bf548d315656e70f779d05e29a39bf0b8608fc450e6a6f957e8a006b1d21f98413b930406f928030e5acb5b81d88ac63d11b85afac082a5b8a3f791de3bf7d18197ca9827007a3c483d3499a43f677d3820c3216cf4eff3248a7acb0e01cd6e01a32ca980e3ac8a9ebaef06722190d311"}
2025-10-20T13:43:01-03:00 | GET: {"token":""}
2025-10-20T13:43:09-03:00 | GET: {"token":"c6736e9e176da5ed4b7bbc11133c3a6d6cd082eec60762232f8c8919db93d610cb6e8c50f6b815b2dba9d67eb4879f3b2e8215e369640d50d6552bafcc035aa2d503cdd74453e6fc079dc4be4e5883b8df2777ed8d5d3611cf908334cc9cf5aabecc873e0e158931d37dbdf974b29ba3634bd2dcedd20a776dbb7127de313436df72f3ca68b2e30289a15f9a6f485b5bf548d315656e70f779d05e29a39bf0b8608fc450e6a6f957e8a006b1d21f98413b930406f928030e5acb5b81d88ac63d11b85afac082a5b8a3f791de3bf7d18197ca9827007a3c483d3499a43f677d3820c3216cf4eff3248a7acb0e01cd6e01a32ca980e3ac8a9ebaef06722190d311"}
2025-10-20T13:59:08-03:00 | GET: {"token":""}
2025-10-20T13:59:25-03:00 | GET: {"token":"c6736e9e176da5ed4b7bbc11133c3a6d6cd082eec60762232f8c8919db93d610cb6e8c50f6b815b2dba9d67eb4879f3b2e8215e369640d50d6552bafcc035aa2d503cdd74453e6fc079dc4be4e5883b8df2777ed8d5d3611cf908334cc9cf5aabecc873e0e158931d37dbdf974b29ba3634bd2dcedd20a776dbb7127de313436df72f3ca68b2e30289a15f9a6f485b5bf548d315656e70f779d05e29a39bf0b8608fc450e6a6f957e8a006b1d21f98413b930406f928030e5acb5b81d88ac63d11b85afac082a5b8a3f791de3bf7d18197ca9827007a3c483d3499a43f677d3820c3216cf4eff3248a7acb0e01cd6e01a32ca980e3ac8a9ebaef06722190d311"}
2025-10-20T13:59:33-03:00 | GET: {"token":""}
2025-10-20T14:00:08-03:00 | GET: {"token":"c96de1a36f6469a35237d4c98637d70a49174bd138941a7125345bc2fd413ba5ad9aba0990f82718e547dfa646d31ea616054fb0a1e5748fe47157aa4a1e3de68548d6dd2c9084997e48c84604ad0d68c8afb98d18810d3bdac1f14df9bfce23f5622164d280d82a7df841897c149604935d3afa7f4e42d23983e1bd1db7097ba3d7c1e85680fc98631d0b9a9fbdc4c5285cbbe8555b5fba3b3bf23a6928c559e9ac35475434aa0d2ae7a6d7bf4d26d54af88d96fc74acd1e0f746c8bbe54db26ed60bc50141fd841967d8c534341751c9d2c90b3251f51d0621a6dad350e41c02381b15b492f56ef6429900b514f1d3a216c99d6376144a959960134f31cc2e"}
2025-10-20T14:01:01-03:00 | GET: {"token":""}
2025-10-20T14:02:35-03:00 | GET: {"token":"ff8976b79ce7000e5eda78a266ab3c278ceba4bcf9dca83c0d649ab46da20b5a83f39a20548d20580249e24e3367b2a9f43d4091e87f8b72928d5fa6dbecb9cafc79a0f39d12f259c35d05475e1c51a388d9e61ecf107bf3c71597550bfbd05b6231ed56b7e96c6cce2ddb4892805945d8663bba5ef386ca506f4e1ecd739e9700624c2e60b2a02adb08df8d50e71e03e8b844c6d8f7075aa3470dd165f6dfc18312716044d5ee8a5423087d5d089cd701d2d099b04dbdcb5d2809ec51241b2010ba5f0d874125403c80b0848149de57d4ed424526b5b4d0e205b20c16bfd27c5f4652fc081e93757138d1ced61b512c080f8135f9745252359f202c00b44122"}
2025-10-20T14:02:57-03:00 | GET: {"token":""}
2025-10-20T14:03:05-03:00 | GET: {"token":"8d3e6844818357f0b57df0aa512a420564c919439f4f8de4223e650dd6b041d00bc9af7c8f5089834888dabfd58f7a95ba1fdcc40bc8b5ff40ed6ce961056d43fc92c616f8a94c693a4add3f014707bf52e03e0b5d1a59c79f3b17a0cab8885c715c2a073df596e3a96900ff675a3c7c2348b400ccb04af0335c37e9bf26eca2e6f3fedd713e088993317a5963a0cdc08da87b7c5a6580512b56e66451ffd5126ffa3db9189e42a3b197fb73cddc47ad1cddeb8ea5fe7245663116f8940966f700f18f2c717b6ecbe396fde6cf688ee0bc21ea7ec42c92140482165de353f102bf4f40e2fe296c114e094a25dc6741c48efd2e73abe470fdc3ab88b2db4b49f6"}
2025-10-20T14:03:30-03:00 | GET: {"token":""}
2025-10-20T14:03:39-03:00 | GET: {"token":"c6736e9e176da5ed4b7bbc11133c3a6d6cd082eec60762232f8c8919db93d610cb6e8c50f6b815b2dba9d67eb4879f3b2e8215e369640d50d6552bafcc035aa2d503cdd74453e6fc079dc4be4e5883b8df2777ed8d5d3611cf908334cc9cf5aabecc873e0e158931d37dbdf974b29ba3634bd2dcedd20a776dbb7127de313436df72f3ca68b2e30289a15f9a6f485b5bf548d315656e70f779d05e29a39bf0b8608fc450e6a6f957e8a006b1d21f98413b930406f928030e5acb5b81d88ac63d11b85afac082a5b8a3f791de3bf7d18197ca9827007a3c483d3499a43f677d3820c3216cf4eff3248a7acb0e01cd6e01a32ca980e3ac8a9ebaef06722190d311"}
2025-10-20T14:07:42-03:00 | GET: {"token":""}
2025-10-20T14:07:54-03:00 | GET: {"token":"84f08c437a5f622f4a09658540819ab3d985528054e6b1951e589f916cdc206b5332ddc11b4220e25aadb1b240278d6ff515e42935fc49e7891bf74ef3e3e611d2157418879377e4f92e8a8f170895ee64a2fae6323a7fc3ceff0e77507e120a7e21d6b57c15f0c9035bdb3094b3c288d5c5b8de88b320b05f257a49c3ef45fbe27b4b041c1406ffe436577bb5d9213e785f6f157d5d71a9ab5645aad9fe09efe220fa2e28b9ca903b2e4e0e0ec4cdfdf4377e2e6d35238d8e4931dadfd0baf997a82930888600b87de7ff10e301ed01a3bb47e24fff16f42cb13ec1b43b41f6115ff6a902a190ae0984733d8d88a491ed5d38c3cb2485bc2358dfa31f4cd98b"}
2025-10-20T14:18:29-03:00 | GET: {"token":""}
2025-10-20T14:22:32-03:00 | GET: {"token":""}
2025-10-20T14:22:43-03:00 | GET: {"token":"84f08c437a5f622f4a09658540819ab3d985528054e6b1951e589f916cdc206b5332ddc11b4220e25aadb1b240278d6ff515e42935fc49e7891bf74ef3e3e611d2157418879377e4f92e8a8f170895ee64a2fae6323a7fc3ceff0e77507e120a7e21d6b57c15f0c9035bdb3094b3c288d5c5b8de88b320b05f257a49c3ef45fbe27b4b041c1406ffe436577bb5d9213e785f6f157d5d71a9ab5645aad9fe09efe220fa2e28b9ca903b2e4e0e0ec4cdfdf4377e2e6d35238d8e4931dadfd0baf997a82930888600b87de7ff10e301ed01a3bb47e24fff16f42cb13ec1b43b41f6115ff6a902a190ae0984733d8d88a491ed5d38c3cb2485bc2358dfa31f4cd98b"}
2025-10-20T14:46:46-03:00 | GET: {"token":""}
2025-10-20T14:48:37-03:00 | GET: {"token":"c96de1a36f6469a35237d4c98637d70a49174bd138941a7125345bc2fd413ba5ad9aba0990f82718e547dfa646d31ea616054fb0a1e5748fe47157aa4a1e3de68548d6dd2c9084997e48c84604ad0d68c8afb98d18810d3bdac1f14df9bfce23f5622164d280d82a7df841897c149604935d3afa7f4e42d23983e1bd1db7097ba3d7c1e85680fc98631d0b9a9fbdc4c5285cbbe8555b5fba3b3bf23a6928c559e9ac35475434aa0d2ae7a6d7bf4d26d54af88d96fc74acd1e0f746c8bbe54db26ed60bc50141fd841967d8c534341751c9d2c90b3251f51d0621a6dad350e41c02381b15b492f56ef6429900b514f1d3a216c99d6376144a959960134f31cc2e"}
2025-10-20T14:48:40-03:00 | GET: {"token":""}
2025-10-20T14:48:43-03:00 | GET: {"token":"7e3b6d3e8142a9c810f6b35116f8f5a76d58d673f96767fd8d9fa48b9bbfb5d0f71b1ebdc8c99a97f25e0bd9857537c879351e04470074f54535847f75d5ea7ba9a20bf12e65cf86a822554137b376fc0d187aa51c150855729a3d0c4efc258cf44e2af712c212942e1451e7577cd65e18e62cdc0b26d93a02e9d6821a2b9dc319164b757c11522c53f6d290b89eb2aac060e959bca6297da38d39269ee632be49a49a855f6b67f61694992bbb51698362695a73715fa279ba4d952315df787cb7d5c94ac673af4a2dd2b00894770f5226a921052e3b357b3f8fc9d571a3b934708f88f7e84ada2c5242baf2e8ceb50872a2847246f946222e95d716538d49fa"}
2025-10-20T14:49:59-03:00 | GET: {"token":""}
2025-10-20T14:50:03-03:00 | GET: {"token":"ff8976b79ce7000e5eda78a266ab3c278ceba4bcf9dca83c0d649ab46da20b5a83f39a20548d20580249e24e3367b2a9f43d4091e87f8b72928d5fa6dbecb9cafc79a0f39d12f259c35d05475e1c51a388d9e61ecf107bf3c71597550bfbd05b6231ed56b7e96c6cce2ddb4892805945d8663bba5ef386ca506f4e1ecd739e9700624c2e60b2a02adb08df8d50e71e03e8b844c6d8f7075aa3470dd165f6dfc18312716044d5ee8a5423087d5d089cd701d2d099b04dbdcb5d2809ec51241b2010ba5f0d874125403c80b0848149de57d4ed424526b5b4d0e205b20c16bfd27c5f4652fc081e93757138d1ced61b512c080f8135f9745252359f202c00b44122"}
2025-10-20T15:04:58-03:00 | GET: {"token":""}
2025-10-20T15:05:02-03:00 | GET: {"token":"c96de1a36f6469a35237d4c98637d70a49174bd138941a7125345bc2fd413ba5ad9aba0990f82718e547dfa646d31ea616054fb0a1e5748fe47157aa4a1e3de68548d6dd2c9084997e48c84604ad0d68c8afb98d18810d3bdac1f14df9bfce23f5622164d280d82a7df841897c149604935d3afa7f4e42d23983e1bd1db7097ba3d7c1e85680fc98631d0b9a9fbdc4c5285cbbe8555b5fba3b3bf23a6928c559e9ac35475434aa0d2ae7a6d7bf4d26d54af88d96fc74acd1e0f746c8bbe54db26ed60bc50141fd841967d8c534341751c9d2c90b3251f51d0621a6dad350e41c02381b15b492f56ef6429900b514f1d3a216c99d6376144a959960134f31cc2e"}
2025-10-20T15:05:08-03:00 | GET: {"token":""}
2025-10-20T15:05:09-03:00 | GET: {"token":"da92b688dd53533af888efe085590540e46470977b5d58b59634df5533b912ae7c3fabc44ab20b80278be00285abfaf4e2abf4590457a8d8d3d9a556dd9aaf2050b0013d69d63c31c7d0d0216543571372a9dd251f5c5c63b1e11eb9a66d7940b039df7adadf67e3c9a57782a6f51ea3fec817d0730757112387326aa71d07ca1bc1c482eb5889220925f0314c05890ae85dae284d1bc91e081c197a1687aea4c27b79eef36283a2e60e095f30738a0c9d269722674ca7da9d12090e114e0448dffc0163e8cff1429fb7c8f6fc93d478eaee58331a20874c2d6c231650850de9b36568729965acc995633b5ef34640309bcf28e5c6f8bb4ecdc2cd57342aa82e"}
2025-10-20T15:05:35-03:00 | GET: {"token":""}
2025-10-20T15:05:40-03:00 | GET: {"token":"ff8976b79ce7000e5eda78a266ab3c278ceba4bcf9dca83c0d649ab46da20b5a83f39a20548d20580249e24e3367b2a9f43d4091e87f8b72928d5fa6dbecb9cafc79a0f39d12f259c35d05475e1c51a388d9e61ecf107bf3c71597550bfbd05b6231ed56b7e96c6cce2ddb4892805945d8663bba5ef386ca506f4e1ecd739e9700624c2e60b2a02adb08df8d50e71e03e8b844c6d8f7075aa3470dd165f6dfc18312716044d5ee8a5423087d5d089cd701d2d099b04dbdcb5d2809ec51241b2010ba5f0d874125403c80b0848149de57d4ed424526b5b4d0e205b20c16bfd27c5f4652fc081e93757138d1ced61b512c080f8135f9745252359f202c00b44122"}
2025-10-20T15:20:21-03:00 | GET: {"token":""}
2025-10-20T15:20:29-03:00 | GET: {"token":"da92b688dd53533af888efe085590540e46470977b5d58b59634df5533b912ae7c3fabc44ab20b80278be00285abfaf4e2abf4590457a8d8d3d9a556dd9aaf2050b0013d69d63c31c7d0d0216543571372a9dd251f5c5c63b1e11eb9a66d7940b039df7adadf67e3c9a57782a6f51ea3fec817d0730757112387326aa71d07ca1bc1c482eb5889220925f0314c05890ae85dae284d1bc91e081c197a1687aea4c27b79eef36283a2e60e095f30738a0c9d269722674ca7da9d12090e114e0448dffc0163e8cff1429fb7c8f6fc93d478eaee58331a20874c2d6c231650850de9b36568729965acc995633b5ef34640309bcf28e5c6f8bb4ecdc2cd57342aa82e"}
2025-10-20T15:21:26-03:00 | GET: {"token":""}
2025-10-20T15:37:24-03:00 | GET: {"token":""}
2025-10-21T08:37:09-03:00 | GET: {"token":""}
2025-10-21T09:09:23-03:00 | GET: {"token":""}
2025-10-21T10:55:04-03:00 | GET: {"token":""}
2025-10-22T09:03:37-03:00 | GET: {"token":""}
2025-10-22T09:04:32-03:00 | GET: {"token":"703f62a5d65129a1d335bd38251b754a0d18d37364161d084f6b1220af0df4b7a99a1662eabb2de98ffc07cb6e9466367da3130b7f5c3c85a1a40fe61c02242b5380dbc660fb97d05c56cf2c49ff9fd1e5be073648ac74fcf8274604d94e86900e832c50cfce0c98b842a50d98f146117f5e980432990a6d301ef6d41d81c2f1695fb5d84ed5418ac2a0dc0d6d16186efd0d5f1e698bdc2e17bf775f5c3d6428111a0d82d326a659edcff7f1e2ad9465259f773606c8c3cb6dfa2a87bf18f083dd67d0882439244cb5f069127420f24c91570927d9706e53085e2c8aece7f6849102c899dc9741be7c22819905e6c0633f7687f43eec9a7fa559b5da99d50b53"}
2025-10-22T10:18:34-03:00 | GET: {"token":""}
2025-10-22T10:19:01-03:00 | GET: {"token":"d53d9afa8e8d03b1e17b871d5eac1ccb3e7f0142df6d1ea27c5b99e9a73d88b809ec02e15ec477a6c882d660d600f84bc801dedfaaae77dcfa0be9f85a1e80cb24f34c1f1ffffc5be2bbd6a7bb9b376574e5c7289d47834c5d2b5dc15cad64cf0ba9768beeef8d043890557e463d472f48012588d1bf6c21775d2b6afac944a93296aecc392ff53f65d92c8a9f5544a99e131dc7f7968cd38478e4b6934eeb2982d1c110ce7f7b979f8bb9b86fdf7122b70b11074edef2fa793b932f168eddfa882d2f4000102464cbfcc35cf16a2663dea66a8c20030493ed0eabd5b6cbb0fa48b14a3dba1fe5da6ffbddcb38dea5d7208a3a5e5ed1ba88ca1a683f83a7ca85"}
2025-10-22T10:49:39-03:00 | GET: {"token":""}
2025-10-22T10:49:51-03:00 | GET: {"token":"4f8ed911f16895ab487fceec2afd045982f535a3ba7f37f920ea732ca39e81805b3ed141bfba5f1c426e0e37835c192991819f7c7018d2708e959eae09da2148611da9ff246b341fa9d9c96a2d581abce219a713b9e6c9967c658225cca780e2c3514d41c118f6e02020ddd0cfd7433d8738b3bd107c9ec4a44a23ea366812f995e3fc10cd28c1b1df0ccd82e4f46b8da6cf162616a72645321249d034fc0fb03c42f11c13d80dc7ce16ccfd4fdb276f6a49ffcb4f0cef49cc22c772c22e224261cd6b79516921ec2d7091c089b7cad5951d073a40ac246cce863cedd519d3db4fc26927b4848bd751969ad9056ee0843fc7620ef1ef8bfcec9069f45c7a443e"}
2025-10-22T10:50:37-03:00 | GET: {"token":""}
2025-10-22T10:50:46-03:00 | GET: {"token":"d53d9afa8e8d03b1e17b871d5eac1ccb3e7f0142df6d1ea27c5b99e9a73d88b809ec02e15ec477a6c882d660d600f84bc801dedfaaae77dcfa0be9f85a1e80cb24f34c1f1ffffc5be2bbd6a7bb9b376574e5c7289d47834c5d2b5dc15cad64cf0ba9768beeef8d043890557e463d472f48012588d1bf6c21775d2b6afac944a93296aecc392ff53f65d92c8a9f5544a99e131dc7f7968cd38478e4b6934eeb2982d1c110ce7f7b979f8bb9b86fdf7122b70b11074edef2fa793b932f168eddfa882d2f4000102464cbfcc35cf16a2663dea66a8c20030493ed0eabd5b6cbb0fa48b14a3dba1fe5da6ffbddcb38dea5d7208a3a5e5ed1ba88ca1a683f83a7ca85"}
2025-10-22T10:59:50-03:00 | GET: {"token":""}
2025-10-22T10:59:52-03:00 | GET: {"token":"4f8ed911f16895ab487fceec2afd045982f535a3ba7f37f920ea732ca39e81805b3ed141bfba5f1c426e0e37835c192991819f7c7018d2708e959eae09da2148611da9ff246b341fa9d9c96a2d581abce219a713b9e6c9967c658225cca780e2c3514d41c118f6e02020ddd0cfd7433d8738b3bd107c9ec4a44a23ea366812f995e3fc10cd28c1b1df0ccd82e4f46b8da6cf162616a72645321249d034fc0fb03c42f11c13d80dc7ce16ccfd4fdb276f6a49ffcb4f0cef49cc22c772c22e224261cd6b79516921ec2d7091c089b7cad5951d073a40ac246cce863cedd519d3db4fc26927b4848bd751969ad9056ee0843fc7620ef1ef8bfcec9069f45c7a443e"}
2025-10-22T11:00:10-03:00 | GET: {"token":""}
2025-10-22T11:00:12-03:00 | GET: {"token":"4f8ed911f16895ab487fceec2afd045982f535a3ba7f37f920ea732ca39e81805b3ed141bfba5f1c426e0e37835c192991819f7c7018d2708e959eae09da2148611da9ff246b341fa9d9c96a2d581abce219a713b9e6c9967c658225cca780e2c3514d41c118f6e02020ddd0cfd7433d8738b3bd107c9ec4a44a23ea366812f995e3fc10cd28c1b1df0ccd82e4f46b8da6cf162616a72645321249d034fc0fb03c42f11c13d80dc7ce16ccfd4fdb276f6a49ffcb4f0cef49cc22c772c22e224261cd6b79516921ec2d7091c089b7cad5951d073a40ac246cce863cedd519d3db4fc26927b4848bd751969ad9056ee0843fc7620ef1ef8bfcec9069f45c7a443e"}
2025-10-22T11:00:24-03:00 | GET: {"token":""}
2025-10-22T11:00:25-03:00 | GET: {"token":"e09390882b4a66303c2cc01b99b69c817a2de4b6bfdb5e3899d8cf184bf9703cdb44db31063c04e87e57495ec7670201af2ef66f70dddcb9bacd4870537997fd19aaeff9cfbff8e685b95aa18161c17f62b99f63c0ce2d6ac252897fa4418ba93185d41b43a52c834998b3aff1a2f6391647d7420ed3c6dc96306a51093fb5046e242c725e93f56f9870e2bdbe721f170d146fd707b816f2c52f896bcb272e899267fbdb2b9ff72a4676cb5a4f8055b253280c3808c8d7fd22bc496000f2a2735758ccb848c36369073d3ddca7954bb5c9207a5f6c465725f5ef96f35d2edeb34d757b6a82e0f9040231a384ee74a6c7d40f33d9e1ae6461b244900b4bf6506e"}
2025-10-22T11:01:30-03:00 | GET: {"token":""}
2025-10-22T11:01:39-03:00 | GET: {"token":"d53d9afa8e8d03b1e17b871d5eac1ccb3e7f0142df6d1ea27c5b99e9a73d88b809ec02e15ec477a6c882d660d600f84bc801dedfaaae77dcfa0be9f85a1e80cb24f34c1f1ffffc5be2bbd6a7bb9b376574e5c7289d47834c5d2b5dc15cad64cf0ba9768beeef8d043890557e463d472f48012588d1bf6c21775d2b6afac944a93296aecc392ff53f65d92c8a9f5544a99e131dc7f7968cd38478e4b6934eeb2982d1c110ce7f7b979f8bb9b86fdf7122b70b11074edef2fa793b932f168eddfa882d2f4000102464cbfcc35cf16a2663dea66a8c20030493ed0eabd5b6cbb0fa48b14a3dba1fe5da6ffbddcb38dea5d7208a3a5e5ed1ba88ca1a683f83a7ca85"}
2025-10-22T11:02:24-03:00 | GET: {"token":""}
2025-10-22T11:02:35-03:00 | GET: {"token":"e09390882b4a66303c2cc01b99b69c817a2de4b6bfdb5e3899d8cf184bf9703cdb44db31063c04e87e57495ec7670201af2ef66f70dddcb9bacd4870537997fd19aaeff9cfbff8e685b95aa18161c17f62b99f63c0ce2d6ac252897fa4418ba93185d41b43a52c834998b3aff1a2f6391647d7420ed3c6dc96306a51093fb5046e242c725e93f56f9870e2bdbe721f170d146fd707b816f2c52f896bcb272e899267fbdb2b9ff72a4676cb5a4f8055b253280c3808c8d7fd22bc496000f2a2735758ccb848c36369073d3ddca7954bb5c9207a5f6c465725f5ef96f35d2edeb34d757b6a82e0f9040231a384ee74a6c7d40f33d9e1ae6461b244900b4bf6506e"}
2025-10-22T11:13:01-03:00 | GET: {"token":""}
2025-10-22T11:13:08-03:00 | GET: []
2025-10-22T11:13:12-03:00 | GET: {"token":""}
2025-10-22T11:13:27-03:00 | GET: {"token":"e09390882b4a66303c2cc01b99b69c817a2de4b6bfdb5e3899d8cf184bf9703cdb44db31063c04e87e57495ec7670201af2ef66f70dddcb9bacd4870537997fd19aaeff9cfbff8e685b95aa18161c17f62b99f63c0ce2d6ac252897fa4418ba93185d41b43a52c834998b3aff1a2f6391647d7420ed3c6dc96306a51093fb5046e242c725e93f56f9870e2bdbe721f170d146fd707b816f2c52f896bcb272e899267fbdb2b9ff72a4676cb5a4f8055b253280c3808c8d7fd22bc496000f2a2735758ccb848c36369073d3ddca7954bb5c9207a5f6c465725f5ef96f35d2edeb34d757b6a82e0f9040231a384ee74a6c7d40f33d9e1ae6461b244900b4bf6506e"}
2025-10-22T11:27:55-03:00 | GET: {"token":""}
2025-10-22T11:28:07-03:00 | GET: {"token":"d53d9afa8e8d03b1e17b871d5eac1ccb3e7f0142df6d1ea27c5b99e9a73d88b809ec02e15ec477a6c882d660d600f84bc801dedfaaae77dcfa0be9f85a1e80cb24f34c1f1ffffc5be2bbd6a7bb9b376574e5c7289d47834c5d2b5dc15cad64cf0ba9768beeef8d043890557e463d472f48012588d1bf6c21775d2b6afac944a93296aecc392ff53f65d92c8a9f5544a99e131dc7f7968cd38478e4b6934eeb2982d1c110ce7f7b979f8bb9b86fdf7122b70b11074edef2fa793b932f168eddfa882d2f4000102464cbfcc35cf16a2663dea66a8c20030493ed0eabd5b6cbb0fa48b14a3dba1fe5da6ffbddcb38dea5d7208a3a5e5ed1ba88ca1a683f83a7ca85"}
2025-10-22T11:34:25-03:00 | GET: {"token":""}
2025-10-22T11:34:31-03:00 | GET: {"token":"d53d9afa8e8d03b1e17b871d5eac1ccb3e7f0142df6d1ea27c5b99e9a73d88b809ec02e15ec477a6c882d660d600f84bc801dedfaaae77dcfa0be9f85a1e80cb24f34c1f1ffffc5be2bbd6a7bb9b376574e5c7289d47834c5d2b5dc15cad64cf0ba9768beeef8d043890557e463d472f48012588d1bf6c21775d2b6afac944a93296aecc392ff53f65d92c8a9f5544a99e131dc7f7968cd38478e4b6934eeb2982d1c110ce7f7b979f8bb9b86fdf7122b70b11074edef2fa793b932f168eddfa882d2f4000102464cbfcc35cf16a2663dea66a8c20030493ed0eabd5b6cbb0fa48b14a3dba1fe5da6ffbddcb38dea5d7208a3a5e5ed1ba88ca1a683f83a7ca85"}
2025-10-23T13:11:27-03:00 | GET: {"token":""}
2025-10-23T13:13:40-03:00 | GET: {"token":""}
2025-10-23T13:14:58-03:00 | GET: {"token":"da1685bab850f74912b69b18e4811dd66b78732201094a70594d38ffba7d1f00b01799c89cac76c4cc094ec44cbd69831e3146b954197cf5ece422424317ed8df5cc3239066cbd8cbd92454cb6fc2002fde298225dc8d4fa2fadda31688b1769a6adf39ed298c21021eb55fe434b729d1e6b80172773c8bd3316727baf7557e1fe99e04d5bc2c205bd9c412d042e6b8f86c386c631faa37613fc047e24fdbda8b62ffb4ef1e6e63a278a7ec1d235418de20b911fe63740cfa4d1bf92bfe12e67f4cc213efb25107190afe23c7e753ccadd105aec193912bbdd897cdb06524449772dec4c60e612f581f569611096df203227bb4980b333546810020e3ee11989"}
2025-10-23T13:30:09-03:00 | GET: []
2025-10-23T13:30:52-03:00 | GET: {"token":""}
2025-10-23T13:31:08-03:00 | GET: {"token":"da1685bab850f74912b69b18e4811dd66b78732201094a70594d38ffba7d1f00b01799c89cac76c4cc094ec44cbd69831e3146b954197cf5ece422424317ed8df5cc3239066cbd8cbd92454cb6fc2002fde298225dc8d4fa2fadda31688b1769a6adf39ed298c21021eb55fe434b729d1e6b80172773c8bd3316727baf7557e1fe99e04d5bc2c205bd9c412d042e6b8f86c386c631faa37613fc047e24fdbda8b62ffb4ef1e6e63a278a7ec1d235418de20b911fe63740cfa4d1bf92bfe12e67f4cc213efb25107190afe23c7e753ccadd105aec193912bbdd897cdb06524449772dec4c60e612f581f569611096df203227bb4980b333546810020e3ee11989"}
2025-10-23T13:31:14-03:00 | GET: {"token":""}
2025-10-23T13:31:24-03:00 | GET: {"token":"3acc8981ff13eae417e853bba9a5b6aa6e9e435220199337128520db4c7149eb67d332032de4c2b02322cff23f4476eff11f4586624e432a05a9821eeddfb6edcd7f7ff92d396a8d6c2a9422ab61d91930794f376c348541c7a3aeebd6d6fa991414d7a7381217685f191320846d6d08c08db10c48b89d540bd7857d1d2b43a49b7c88905bfcead2ca6f22d08ea140b9437a0dd04e4e870246f480b61d83610ce8ecce90e5283111bc460deac0a09723df5f381ca41d9dc3ec5195f731e31b23d2b796de2b7a7daa93ae50a0f76f952499c504490d7cb6dec23317cd9d0ca38ced2db6c57f2e80388e27ff502f2ab7244bbd990eff1eb94ababf9c0795ca4e05"}
2025-10-23T13:41:19-03:00 | GET: {"token":""}
2025-10-23T13:41:27-03:00 | GET: {"token":"e09390882b4a66303c2cc01b99b69c817a2de4b6bfdb5e3899d8cf184bf9703cdb44db31063c04e87e57495ec7670201af2ef66f70dddcb9bacd4870537997fd19aaeff9cfbff8e685b95aa18161c17f62b99f63c0ce2d6ac252897fa4418ba93185d41b43a52c834998b3aff1a2f6391647d7420ed3c6dc96306a51093fb5046e242c725e93f56f9870e2bdbe721f170d146fd707b816f2c52f896bcb272e899267fbdb2b9ff72a4676cb5a4f8055b253280c3808c8d7fd22bc496000f2a2735758ccb848c36369073d3ddca7954bb5c9207a5f6c465725f5ef96f35d2edeb34d757b6a82e0f9040231a384ee74a6c7d40f33d9e1ae6461b244900b4bf6506e"}
2025-10-23T13:42:13-03:00 | GET: {"token":""}
2025-10-23T13:42:21-03:00 | GET: {"token":"d9a3625d59f8ba674eeee5b6e5d97cacb196cc4abbeb8665709ce22beff64e3ad2645d43b0bbe1ac5fc40b3f8a5ad3867a41ef0652fc43114c36819432f44e897b49846d3297472299b1cddbb626be56550237a44a79774c28b03bfb9df70ee5409b61243734e20df27f742e7b0875b9f169208ccac0814e73a6063fcf59dc99da8452d9e08d520ad31b9fcd8e11e7942091e86ac937d8f630e3033b35c7bdcecd2c2362a9acfd0b4c6c3bce6c894ece92b06623717c8e5e1c6bb841ffd75052a775470a5d882a0f2f703efd7f20feb78a2cac8f4d97be8f2f3c923a79a9f53559f667a23d437934c7c90523519803eed3475dca96506acfab8c8ce8e293c0ca"}
2025-10-23T14:31:19-03:00 | GET: {"token":""}
2025-10-23T14:31:33-03:00 | GET: {"token":"e09390882b4a66303c2cc01b99b69c817a2de4b6bfdb5e3899d8cf184bf9703cdb44db31063c04e87e57495ec7670201af2ef66f70dddcb9bacd4870537997fd19aaeff9cfbff8e685b95aa18161c17f62b99f63c0ce2d6ac252897fa4418ba93185d41b43a52c834998b3aff1a2f6391647d7420ed3c6dc96306a51093fb5046e242c725e93f56f9870e2bdbe721f170d146fd707b816f2c52f896bcb272e899267fbdb2b9ff72a4676cb5a4f8055b253280c3808c8d7fd22bc496000f2a2735758ccb848c36369073d3ddca7954bb5c9207a5f6c465725f5ef96f35d2edeb34d757b6a82e0f9040231a384ee74a6c7d40f33d9e1ae6461b244900b4bf6506e"}
2025-10-23T16:09:37-03:00 | GET: {"token":""}
2025-10-23T16:09:49-03:00 | GET: {"token":"16bad17c70840a47306c2096e56570b3fd6d5187078c9a9130259433b33ec7f60aa11b400076753ad8a6b0cda9195f634603fb8b15f9538d02c4041fde1ba1d8ca9ea3915f9dc94f532f224db123b9b1cf6864b72556efe79a6deccef33c96615880c799512e09a309d62438c1db95160d0b51336802388bd6963335f0f76622d337b066b978cf7a3e5fbfefe486ed7afcd138b351624071dc9201ded7283cf28b031e56b4c739665dba07f5f23eacd48c1aa81099ce56ed391f0049c8f3a051d4a1bd450d47d8db5d89474e72300f1cc7eeac255cf0f792eb4570e5e53f7c8b7b0565715c1364ab881caa3c5dd862aaf7fbeac57820ad1d3a8ce695d8f6db2a"}
2025-10-23T16:09:51-03:00 | GET: {"token":"16bad17c70840a47306c2096e56570b3fd6d5187078c9a9130259433b33ec7f60aa11b400076753ad8a6b0cda9195f634603fb8b15f9538d02c4041fde1ba1d8ca9ea3915f9dc94f532f224db123b9b1cf6864b72556efe79a6deccef33c96615880c799512e09a309d62438c1db95160d0b51336802388bd6963335f0f76622d337b066b978cf7a3e5fbfefe486ed7afcd138b351624071dc9201ded7283cf28b031e56b4c739665dba07f5f23eacd48c1aa81099ce56ed391f0049c8f3a051d4a1bd450d47d8db5d89474e72300f1cc7eeac255cf0f792eb4570e5e53f7c8b7b0565715c1364ab881caa3c5dd862aaf7fbeac57820ad1d3a8ce695d8f6db2a"}
2025-10-23T16:09:55-03:00 | GET: {"token":""}
2025-10-23T16:09:56-03:00 | GET: {"token":"16bad17c70840a47306c2096e56570b3fd6d5187078c9a9130259433b33ec7f60aa11b400076753ad8a6b0cda9195f634603fb8b15f9538d02c4041fde1ba1d8ca9ea3915f9dc94f532f224db123b9b1cf6864b72556efe79a6deccef33c96615880c799512e09a309d62438c1db95160d0b51336802388bd6963335f0f76622d337b066b978cf7a3e5fbfefe486ed7afcd138b351624071dc9201ded7283cf28b031e56b4c739665dba07f5f23eacd48c1aa81099ce56ed391f0049c8f3a051d4a1bd450d47d8db5d89474e72300f1cc7eeac255cf0f792eb4570e5e53f7c8b7b0565715c1364ab881caa3c5dd862aaf7fbeac57820ad1d3a8ce695d8f6db2a"}
2025-10-23T16:10:04-03:00 | GET: {"token":""}
2025-10-23T16:10:06-03:00 | GET: {"token":"379eee315b50071a15676b782f7cb1892527bf0632da2f226ca634359427dec027ecca427123a04deaf7cfeb72af86b9b5eb28371b2524e7d317fa99866d97ef8f3352c43c052bf04bd220981b370fa048f1530fc301b1c525ace968a3a6680ea3523829acbb7436465659c976e04cc03b819fad5ed4973edbbac2842d87fda6893105949f01d072b6abb7a98910d17ceb67ee0c3db3118ffa553729425d8a4f55d3b1d3fcd1d4967c2db7f0a1820146f3b7b43b772262621c5e1c81a4a5844c692e8af7b0ffa3904adaae87cd46ffb941733f56ed8516b4cc0a138314d1e56812986ec7dadbe4cee74c74e30d3ad845fd0604b62950677e373704b18dc99364"}
2025-10-24T13:22:53-03:00 | GET: {"token":""}
2025-10-24T13:23:17-03:00 | GET: {"token":"d4065caff66b17babf610bdb5e06b45df26b8607332fdf49e3f648438b31214955c80a5a2a0601bacc98e1566ec6ed2bae41b56b3119d4a4efd5703fc3cf3724db357a98ddf9f5ac77f82a7528f18ab7bddc989afff79e8021e0de260c89ca770225e67ec40cdf8c845f3ded5d19099054d0a26549fda8f95e38f4dbefd1c7e68737d1fa1f15462bbc63f6c7153123cc800631ee8f2b7fef08263653e77bee58130dea3414e190ec18022c57025aa6936b6c2aaf176e6631270d4e067ccf8c44fdc2104392adaab3f40ca58d55b51f577a6a9386d8087caca7412242bbbf9d2f233321a3f2e74c2e15d47e8b4766f078594d6682a5037a1a8158f93bd919d377"}
